<?xml version="1.0" encoding="UTF-8"?>
<!-- Generated by org.testng.reporters.JUnitXMLReporter -->
<testsuite hostname="DC102297" ignored="0" name="CPW Customer Journey" tests="5" failures="0" timestamp="10 May 2018 15:00:37 GMT" time="206.165" errors="0">
  <testcase name="@BeforeMethod setup" time="57.708" classname="com.cpw.ews.qa.testcases.PayMPageTest">
    <failure type="org.openqa.selenium.TimeoutException" message="Timeout loading page after 50000ms
Build info: version: &amp;apos;3.5.3&amp;apos;, revision: &amp;apos;a88d25fe6b&amp;apos;, time: &amp;apos;2017-08-29T12:42:44.417Z&amp;apos;
System info: host: &amp;apos;DC102297&amp;apos;, ip: &amp;apos;10.44.116.207&amp;apos;, os.name: &amp;apos;Windows 10&amp;apos;, os.arch: &amp;apos;amd64&amp;apos;, os.version: &amp;apos;10.0&amp;apos;, java.version: &amp;apos;1.8.0_171&amp;apos;
Driver info: org.openqa.selenium.firefox.FirefoxDriver
Capabilities [{moz:profile=C:\Users\chakas03\AppData\Local\Temp\rust_mozprofile.KPSJzy7E8s4P, rotatable=false, timeouts={implicit=0, pageLoad=300000, script=30000}, pageLoadStrategy=normal, moz:headless=false, platform=XP, moz:accessibilityChecks=false, moz:useNonSpecCompliantPointerOrigin=false, acceptInsecureCerts=false, browserVersion=59.0.3, platformVersion=10.0, moz:processID=8184, browserName=firefox, javascriptEnabled=true, platformName=XP, moz:webdriverClick=true}]
Session ID: b85507ba-09f7-4e77-8317-d76dac60e131">
      <![CDATA[org.openqa.selenium.TimeoutException: Timeout loading page after 50000ms
Build info: version: '3.5.3', revision: 'a88d25fe6b', time: '2017-08-29T12:42:44.417Z'
System info: host: 'DC102297', ip: '10.44.116.207', os.name: 'Windows 10', os.arch: 'amd64', os.version: '10.0', java.version: '1.8.0_171'
Driver info: org.openqa.selenium.firefox.FirefoxDriver
Capabilities [{moz:profile=C:\Users\chakas03\AppData\Local\Temp\rust_mozprofile.KPSJzy7E8s4P, rotatable=false, timeouts={implicit=0, pageLoad=300000, script=30000}, pageLoadStrategy=normal, moz:headless=false, platform=XP, moz:accessibilityChecks=false, moz:useNonSpecCompliantPointerOrigin=false, acceptInsecureCerts=false, browserVersion=59.0.3, platformVersion=10.0, moz:processID=8184, browserName=firefox, javascriptEnabled=true, platformName=XP, moz:webdriverClick=true}]
Session ID: b85507ba-09f7-4e77-8317-d76dac60e131
	at org.openqa.selenium.remote.http.W3CHttpResponseCodec.createException(W3CHttpResponseCodec.java:185)
	at org.openqa.selenium.remote.http.W3CHttpResponseCodec.decode(W3CHttpResponseCodec.java:120)
	at org.openqa.selenium.remote.http.W3CHttpResponseCodec.decode(W3CHttpResponseCodec.java:49)
	at org.openqa.selenium.remote.HttpCommandExecutor.execute(HttpCommandExecutor.java:164)
	at org.openqa.selenium.remote.service.DriverCommandExecutor.execute(DriverCommandExecutor.java:82)
	at org.openqa.selenium.remote.RemoteWebDriver.execute(RemoteWebDriver.java:646)
	at org.openqa.selenium.remote.RemoteWebDriver.get(RemoteWebDriver.java:370)
	at org.openqa.selenium.support.events.EventFiringWebDriver$2.invoke(EventFiringWebDriver.java:105)
	at com.sun.proxy.$Proxy9.get(Unknown Source)
	at org.openqa.selenium.support.events.EventFiringWebDriver.get(EventFiringWebDriver.java:164)
	at com.cpw.ews.qa.base.TestBase.initialization(TestBase.java:94)
	at com.cpw.ews.qa.testcases.PayMPageTest.setup(PayMPageTest.java:48)
... Removed 35 stack frames]]>
    </failure>
  </testcase> <!-- @BeforeMethod setup -->
  <testcase name="@BeforeMethod setup" time="57.77" classname="com.cpw.ews.qa.testcases.HomePageTest">
    <failure type="org.openqa.selenium.TimeoutException" message="Timeout loading page after 50000ms
Build info: version: &amp;apos;3.5.3&amp;apos;, revision: &amp;apos;a88d25fe6b&amp;apos;, time: &amp;apos;2017-08-29T12:42:44.417Z&amp;apos;
System info: host: &amp;apos;DC102297&amp;apos;, ip: &amp;apos;10.44.116.207&amp;apos;, os.name: &amp;apos;Windows 10&amp;apos;, os.arch: &amp;apos;amd64&amp;apos;, os.version: &amp;apos;10.0&amp;apos;, java.version: &amp;apos;1.8.0_171&amp;apos;
Driver info: org.openqa.selenium.firefox.FirefoxDriver
Capabilities [{moz:profile=C:\Users\chakas03\AppData\Local\Temp\rust_mozprofile.LGv9atp7jxAw, rotatable=false, timeouts={implicit=0, pageLoad=300000, script=30000}, pageLoadStrategy=normal, moz:headless=false, platform=XP, moz:accessibilityChecks=false, moz:useNonSpecCompliantPointerOrigin=false, acceptInsecureCerts=false, browserVersion=59.0.3, platformVersion=10.0, moz:processID=13108, browserName=firefox, javascriptEnabled=true, platformName=XP, moz:webdriverClick=true}]
Session ID: b0fde908-6ec9-4c7d-9a50-f53779d87513">
      <![CDATA[org.openqa.selenium.TimeoutException: Timeout loading page after 50000ms
Build info: version: '3.5.3', revision: 'a88d25fe6b', time: '2017-08-29T12:42:44.417Z'
System info: host: 'DC102297', ip: '10.44.116.207', os.name: 'Windows 10', os.arch: 'amd64', os.version: '10.0', java.version: '1.8.0_171'
Driver info: org.openqa.selenium.firefox.FirefoxDriver
Capabilities [{moz:profile=C:\Users\chakas03\AppData\Local\Temp\rust_mozprofile.LGv9atp7jxAw, rotatable=false, timeouts={implicit=0, pageLoad=300000, script=30000}, pageLoadStrategy=normal, moz:headless=false, platform=XP, moz:accessibilityChecks=false, moz:useNonSpecCompliantPointerOrigin=false, acceptInsecureCerts=false, browserVersion=59.0.3, platformVersion=10.0, moz:processID=13108, browserName=firefox, javascriptEnabled=true, platformName=XP, moz:webdriverClick=true}]
Session ID: b0fde908-6ec9-4c7d-9a50-f53779d87513
	at org.openqa.selenium.remote.http.W3CHttpResponseCodec.createException(W3CHttpResponseCodec.java:185)
	at org.openqa.selenium.remote.http.W3CHttpResponseCodec.decode(W3CHttpResponseCodec.java:120)
	at org.openqa.selenium.remote.http.W3CHttpResponseCodec.decode(W3CHttpResponseCodec.java:49)
	at org.openqa.selenium.remote.HttpCommandExecutor.execute(HttpCommandExecutor.java:164)
	at org.openqa.selenium.remote.service.DriverCommandExecutor.execute(DriverCommandExecutor.java:82)
	at org.openqa.selenium.remote.RemoteWebDriver.execute(RemoteWebDriver.java:646)
	at org.openqa.selenium.remote.RemoteWebDriver.get(RemoteWebDriver.java:370)
	at org.openqa.selenium.support.events.EventFiringWebDriver$2.invoke(EventFiringWebDriver.java:105)
	at com.sun.proxy.$Proxy9.get(Unknown Source)
	at org.openqa.selenium.support.events.EventFiringWebDriver.get(EventFiringWebDriver.java:164)
	at com.cpw.ews.qa.base.TestBase.initialization(TestBase.java:94)
	at com.cpw.ews.qa.testcases.HomePageTest.setup(HomePageTest.java:51)
... Removed 35 stack frames]]>
    </failure>
  </testcase> <!-- @BeforeMethod setup -->
  <testcase name="@BeforeMethod setup" time="0.0" classname="com.cpw.ews.qa.testcases.HomePageTest">
    <skipped/>
  </testcase> <!-- @BeforeMethod setup -->
  <testcase name="@AfterTest endReport" time="0.0" classname="com.cpw.ews.qa.testcases.HomePageTest">
    <skipped/>
  </testcase> <!-- @AfterTest endReport -->
  <testcase name="@AfterTest endReport" time="0.0" classname="com.cpw.ews.qa.testcases.PayGPageTest">
    <skipped/>
  </testcase> <!-- @AfterTest endReport -->
  <testcase name="@AfterTest endReport" time="0.0" classname="com.cpw.ews.qa.testcases.PayMPageTest">
    <skipped/>
  </testcase> <!-- @AfterTest endReport -->
  <testcase name="accept_cookie_test" time="0.673" classname="com.cpw.ews.qa.testcases.HomePageTest"/>
  <testcase name="navigate_to_PagM_from_homepage_and_verify_pagetitle" time="0.0" classname="com.cpw.ews.qa.testcases.PayMPageTest">
    <skipped/>
  </testcase> <!-- navigate_to_PagM_from_homepage_and_verify_pagetitle -->
  <testcase name="navigate_to_PagG_from_homepage_and_verify_pagetitle" time="4.558" classname="com.cpw.ews.qa.testcases.PayGPageTest"/>
  <testcase name="verify_homepage_tile_test" time="0.0" classname="com.cpw.ews.qa.testcases.HomePageTest">
    <skipped/>
  </testcase> <!-- verify_homepage_tile_test -->
  <testcase name="verify_navigation_to_pagG_page" time="0.0" classname="com.cpw.ews.qa.testcases.HomePageTest">
    <skipped/>
  </testcase> <!-- verify_navigation_to_pagG_page -->
</testsuite> <!-- CPW Customer Journey -->
