<?xml version="1.0" encoding="UTF-8"?>
<testng-results skipped="0" failed="2" ignored="0" total="3" passed="1">
  <reporter-output>
  </reporter-output>
  <suite name="Default suite" duration-ms="46378" started-at="2018-05-11T12:20:31Z" finished-at="2018-05-11T12:21:17Z">
    <groups>
    </groups>
    <test name="Default test" duration-ms="46378" started-at="2018-05-11T12:20:31Z" finished-at="2018-05-11T12:21:17Z">
      <class name="com.cpw.ews.qa.testcases.HomePageTest">
        <test-method status="PASS" signature="setExtent()[pri:0, instance:com.cpw.ews.qa.testcases.HomePageTest@5f282abb]" name="setExtent" is-config="true" duration-ms="249" started-at="2018-05-11T13:20:31Z" finished-at="2018-05-11T13:20:31Z">
          <reporter-output>
          </reporter-output>
        </test-method> <!-- setExtent -->
        <test-method status="PASS" signature="setup()[pri:0, instance:com.cpw.ews.qa.testcases.HomePageTest@5f282abb]" name="setup" is-config="true" duration-ms="14530" started-at="2018-05-11T13:20:31Z" finished-at="2018-05-11T13:20:46Z">
          <reporter-output>
          </reporter-output>
        </test-method> <!-- setup -->
        <test-method status="PASS" signature="accept_cookie_test()[pri:1, instance:com.cpw.ews.qa.testcases.HomePageTest@5f282abb]" name="accept_cookie_test" duration-ms="501" started-at="2018-05-11T13:20:46Z" finished-at="2018-05-11T13:20:46Z">
          <reporter-output>
          </reporter-output>
        </test-method> <!-- accept_cookie_test -->
        <test-method status="PASS" signature="teardown(org.testng.ITestResult)[pri:0, instance:com.cpw.ews.qa.testcases.HomePageTest@5f282abb]" name="teardown" is-config="true" duration-ms="2142" started-at="2018-05-11T13:20:46Z" finished-at="2018-05-11T13:20:49Z">
          <params>
            <param index="0">
              <value>
                <![CDATA[[TestResult name=accept_cookie_test status=SUCCESS method=HomePageTest.accept_cookie_test()[pri:1, instance:com.cpw.ews.qa.testcases.HomePageTest@5f282abb] output={null}]]]>
              </value>
            </param>
          </params>
          <reporter-output>
          </reporter-output>
        </test-method> <!-- teardown -->
        <test-method status="PASS" signature="setup()[pri:0, instance:com.cpw.ews.qa.testcases.HomePageTest@5f282abb]" name="setup" is-config="true" duration-ms="11558" started-at="2018-05-11T13:20:49Z" finished-at="2018-05-11T13:21:00Z">
          <reporter-output>
          </reporter-output>
        </test-method> <!-- setup -->
        <test-method status="FAIL" signature="verify_homepage_tile_test()[pri:2, instance:com.cpw.ews.qa.testcases.HomePageTest@5f282abb]" name="verify_homepage_tile_test" duration-ms="512" started-at="2018-05-11T13:21:00Z" finished-at="2018-05-11T13:21:01Z">
          <exception class="java.lang.AssertionError">
            <message>
              <![CDATA[Home Page title not matched expected [Compare Our Best Mobile Phone Deals | Carphone Warehouse123] but found [Compare Our Best Mobile Phone Deals | Carphone Warehouse]]]>
            </message>
            <full-stacktrace>
              <![CDATA[java.lang.AssertionError: Home Page title not matched expected [Compare Our Best Mobile Phone Deals | Carphone Warehouse123] but found [Compare Our Best Mobile Phone Deals | Carphone Warehouse]
	at org.testng.Assert.fail(Assert.java:93)
	at org.testng.Assert.failNotEquals(Assert.java:512)
	at org.testng.Assert.assertEqualsImpl(Assert.java:134)
	at org.testng.Assert.assertEquals(Assert.java:115)
	at org.testng.Assert.assertEquals(Assert.java:189)
	at com.cpw.ews.qa.testcases.HomePageTest.verify_homepage_tile_test(HomePageTest.java:74)
	at sun.reflect.NativeMethodAccessorImpl.invoke0(Native Method)
	at sun.reflect.NativeMethodAccessorImpl.invoke(Unknown Source)
	at sun.reflect.DelegatingMethodAccessorImpl.invoke(Unknown Source)
	at java.lang.reflect.Method.invoke(Unknown Source)
	at org.testng.internal.MethodInvocationHelper.invokeMethod(MethodInvocationHelper.java:108)
	at org.testng.internal.Invoker.invokeMethod(Invoker.java:661)
	at org.testng.internal.Invoker.invokeTestMethod(Invoker.java:869)
	at org.testng.internal.Invoker.invokeTestMethods(Invoker.java:1193)
	at org.testng.internal.TestMethodWorker.invokeTestMethods(TestMethodWorker.java:126)
	at org.testng.internal.TestMethodWorker.run(TestMethodWorker.java:109)
	at org.testng.TestRunner.privateRun(TestRunner.java:744)
	at org.testng.TestRunner.run(TestRunner.java:602)
	at org.testng.SuiteRunner.runTest(SuiteRunner.java:380)
	at org.testng.SuiteRunner.runSequentially(SuiteRunner.java:375)
	at org.testng.SuiteRunner.privateRun(SuiteRunner.java:340)
	at org.testng.SuiteRunner.run(SuiteRunner.java:289)
	at org.testng.SuiteRunnerWorker.runSuite(SuiteRunnerWorker.java:52)
	at org.testng.SuiteRunnerWorker.run(SuiteRunnerWorker.java:86)
	at org.testng.TestNG.runSuitesSequentially(TestNG.java:1301)
	at org.testng.TestNG.runSuitesLocally(TestNG.java:1226)
	at org.testng.TestNG.runSuites(TestNG.java:1144)
	at org.testng.TestNG.run(TestNG.java:1115)
	at org.testng.remote.AbstractRemoteTestNG.run(AbstractRemoteTestNG.java:114)
	at org.testng.remote.RemoteTestNG.initAndRun(RemoteTestNG.java:251)
	at org.testng.remote.RemoteTestNG.main(RemoteTestNG.java:77)
]]>
            </full-stacktrace>
          </exception> <!-- java.lang.AssertionError -->
          <reporter-output>
          </reporter-output>
        </test-method> <!-- verify_homepage_tile_test -->
        <test-method status="PASS" signature="teardown(org.testng.ITestResult)[pri:0, instance:com.cpw.ews.qa.testcases.HomePageTest@5f282abb]" name="teardown" is-config="true" duration-ms="1943" started-at="2018-05-11T13:21:01Z" finished-at="2018-05-11T13:21:03Z">
          <params>
            <param index="0">
              <value>
                <![CDATA[[TestResult name=verify_homepage_tile_test status=FAILURE method=HomePageTest.verify_homepage_tile_test()[pri:2, instance:com.cpw.ews.qa.testcases.HomePageTest@5f282abb] output={null}]]]>
              </value>
            </param>
          </params>
          <reporter-output>
          </reporter-output>
        </test-method> <!-- teardown -->
        <test-method status="PASS" signature="setup()[pri:0, instance:com.cpw.ews.qa.testcases.HomePageTest@5f282abb]" name="setup" is-config="true" duration-ms="11574" started-at="2018-05-11T13:21:03Z" finished-at="2018-05-11T13:21:14Z">
          <reporter-output>
          </reporter-output>
        </test-method> <!-- setup -->
        <test-method status="FAIL" signature="verify_navigation_to_pagG_page()[pri:3, instance:com.cpw.ews.qa.testcases.HomePageTest@5f282abb]" name="verify_navigation_to_pagG_page" duration-ms="1285" started-at="2018-05-11T13:21:14Z" finished-at="2018-05-11T13:21:15Z">
          <exception class="org.openqa.selenium.WebDriverException">
            <message>
              <![CDATA[Element <a href="/mobiles/pay-as-you-go.html"> is not clickable at point (114.625,125.94999694824219) because another element <a class="dropdown-toggle menuoptions" href="javascript:void(0)"> obscures it
Build info: version: '3.5.3', revision: 'a88d25fe6b', time: '2017-08-29T12:42:44.417Z'
System info: host: 'DC102297', ip: '10.44.117.239', os.name: 'Windows 10', os.arch: 'amd64', os.version: '10.0', java.version: '1.8.0_171'
Driver info: org.openqa.selenium.firefox.FirefoxDriver
Capabilities [{moz:profile=C:\Users\chakas03\AppData\Local\Temp\rust_mozprofile.VYo4NdI7JzOL, rotatable=false, timeouts={implicit=0, pageLoad=300000, script=30000}, pageLoadStrategy=normal, moz:headless=false, platform=XP, moz:accessibilityChecks=false, moz:useNonSpecCompliantPointerOrigin=false, acceptInsecureCerts=false, browserVersion=59.0.3, platformVersion=10.0, moz:processID=10056, browserName=firefox, javascriptEnabled=true, platformName=XP, moz:webdriverClick=true}]
Session ID: dbf4bb60-0940-4071-b246-58c74368ee86]]>
            </message>
            <full-stacktrace>
              <![CDATA[org.openqa.selenium.WebDriverException: Element <a href="/mobiles/pay-as-you-go.html"> is not clickable at point (114.625,125.94999694824219) because another element <a class="dropdown-toggle menuoptions" href="javascript:void(0)"> obscures it
Build info: version: '3.5.3', revision: 'a88d25fe6b', time: '2017-08-29T12:42:44.417Z'
System info: host: 'DC102297', ip: '10.44.117.239', os.name: 'Windows 10', os.arch: 'amd64', os.version: '10.0', java.version: '1.8.0_171'
Driver info: org.openqa.selenium.firefox.FirefoxDriver
Capabilities [{moz:profile=C:\Users\chakas03\AppData\Local\Temp\rust_mozprofile.VYo4NdI7JzOL, rotatable=false, timeouts={implicit=0, pageLoad=300000, script=30000}, pageLoadStrategy=normal, moz:headless=false, platform=XP, moz:accessibilityChecks=false, moz:useNonSpecCompliantPointerOrigin=false, acceptInsecureCerts=false, browserVersion=59.0.3, platformVersion=10.0, moz:processID=10056, browserName=firefox, javascriptEnabled=true, platformName=XP, moz:webdriverClick=true}]
Session ID: dbf4bb60-0940-4071-b246-58c74368ee86
	at sun.reflect.NativeConstructorAccessorImpl.newInstance0(Native Method)
	at sun.reflect.NativeConstructorAccessorImpl.newInstance(Unknown Source)
	at sun.reflect.DelegatingConstructorAccessorImpl.newInstance(Unknown Source)
	at java.lang.reflect.Constructor.newInstance(Unknown Source)
	at org.openqa.selenium.remote.http.W3CHttpResponseCodec.createException(W3CHttpResponseCodec.java:185)
	at org.openqa.selenium.remote.http.W3CHttpResponseCodec.decode(W3CHttpResponseCodec.java:120)
	at org.openqa.selenium.remote.http.W3CHttpResponseCodec.decode(W3CHttpResponseCodec.java:49)
	at org.openqa.selenium.remote.HttpCommandExecutor.execute(HttpCommandExecutor.java:164)
	at org.openqa.selenium.remote.service.DriverCommandExecutor.execute(DriverCommandExecutor.java:82)
	at org.openqa.selenium.remote.RemoteWebDriver.execute(RemoteWebDriver.java:646)
	at org.openqa.selenium.remote.RemoteWebElement.execute(RemoteWebElement.java:275)
	at org.openqa.selenium.remote.RemoteWebElement.click(RemoteWebElement.java:82)
	at sun.reflect.NativeMethodAccessorImpl.invoke0(Native Method)
	at sun.reflect.NativeMethodAccessorImpl.invoke(Unknown Source)
	at sun.reflect.DelegatingMethodAccessorImpl.invoke(Unknown Source)
	at java.lang.reflect.Method.invoke(Unknown Source)
	at org.openqa.selenium.support.events.EventFiringWebDriver$EventFiringWebElement$1.invoke(EventFiringWebDriver.java:350)
	at com.sun.proxy.$Proxy14.click(Unknown Source)
	at org.openqa.selenium.support.events.EventFiringWebDriver$EventFiringWebElement.click(EventFiringWebDriver.java:363)
	at sun.reflect.NativeMethodAccessorImpl.invoke0(Native Method)
	at sun.reflect.NativeMethodAccessorImpl.invoke(Unknown Source)
	at sun.reflect.DelegatingMethodAccessorImpl.invoke(Unknown Source)
	at java.lang.reflect.Method.invoke(Unknown Source)
	at org.openqa.selenium.support.pagefactory.internal.LocatingElementHandler.invoke(LocatingElementHandler.java:51)
	at com.sun.proxy.$Proxy13.click(Unknown Source)
	at com.cpw.ews.qa.pages.Homepage.click_On_PagG_MegaMenu(Homepage.java:47)
	at com.cpw.ews.qa.testcases.HomePageTest.verify_navigation_to_pagG_page(HomePageTest.java:84)
	at sun.reflect.NativeMethodAccessorImpl.invoke0(Native Method)
	at sun.reflect.NativeMethodAccessorImpl.invoke(Unknown Source)
	at sun.reflect.DelegatingMethodAccessorImpl.invoke(Unknown Source)
	at java.lang.reflect.Method.invoke(Unknown Source)
	at org.testng.internal.MethodInvocationHelper.invokeMethod(MethodInvocationHelper.java:108)
	at org.testng.internal.Invoker.invokeMethod(Invoker.java:661)
	at org.testng.internal.Invoker.invokeTestMethod(Invoker.java:869)
	at org.testng.internal.Invoker.invokeTestMethods(Invoker.java:1193)
	at org.testng.internal.TestMethodWorker.invokeTestMethods(TestMethodWorker.java:126)
	at org.testng.internal.TestMethodWorker.run(TestMethodWorker.java:109)
	at org.testng.TestRunner.privateRun(TestRunner.java:744)
	at org.testng.TestRunner.run(TestRunner.java:602)
	at org.testng.SuiteRunner.runTest(SuiteRunner.java:380)
	at org.testng.SuiteRunner.runSequentially(SuiteRunner.java:375)
	at org.testng.SuiteRunner.privateRun(SuiteRunner.java:340)
	at org.testng.SuiteRunner.run(SuiteRunner.java:289)
	at org.testng.SuiteRunnerWorker.runSuite(SuiteRunnerWorker.java:52)
	at org.testng.SuiteRunnerWorker.run(SuiteRunnerWorker.java:86)
	at org.testng.TestNG.runSuitesSequentially(TestNG.java:1301)
	at org.testng.TestNG.runSuitesLocally(TestNG.java:1226)
	at org.testng.TestNG.runSuites(TestNG.java:1144)
	at org.testng.TestNG.run(TestNG.java:1115)
	at org.testng.remote.AbstractRemoteTestNG.run(AbstractRemoteTestNG.java:114)
	at org.testng.remote.RemoteTestNG.initAndRun(RemoteTestNG.java:251)
	at org.testng.remote.RemoteTestNG.main(RemoteTestNG.java:77)
]]>
            </full-stacktrace>
          </exception> <!-- org.openqa.selenium.WebDriverException -->
          <reporter-output>
          </reporter-output>
        </test-method> <!-- verify_navigation_to_pagG_page -->
        <test-method status="PASS" signature="teardown(org.testng.ITestResult)[pri:0, instance:com.cpw.ews.qa.testcases.HomePageTest@5f282abb]" name="teardown" is-config="true" duration-ms="1705" started-at="2018-05-11T13:21:15Z" finished-at="2018-05-11T13:21:17Z">
          <params>
            <param index="0">
              <value>
                <![CDATA[[TestResult name=verify_navigation_to_pagG_page status=FAILURE method=HomePageTest.verify_navigation_to_pagG_page()[pri:3, instance:com.cpw.ews.qa.testcases.HomePageTest@5f282abb] output={null}]]]>
              </value>
            </param>
          </params>
          <reporter-output>
          </reporter-output>
        </test-method> <!-- teardown -->
        <test-method status="PASS" signature="endReport()[pri:0, instance:com.cpw.ews.qa.testcases.HomePageTest@5f282abb]" name="endReport" is-config="true" duration-ms="349" started-at="2018-05-11T13:21:17Z" finished-at="2018-05-11T13:21:17Z">
          <reporter-output>
          </reporter-output>
        </test-method> <!-- endReport -->
      </class> <!-- com.cpw.ews.qa.testcases.HomePageTest -->
    </test> <!-- Default test -->
  </suite> <!-- Default suite -->
</testng-results>
