<?xml version="1.0" encoding="UTF-8"?>
<!-- Generated by org.testng.reporters.JUnitReportReporter -->
<testsuite skipped="0" hostname="DC102297" name="com.cpw.ews.qa.testcases.ZPageTest" tests="3" failures="1" timestamp="06 May 2018 11:44:02 GMT" time="51.161" errors="0">
  <testcase name="accept_cookie_test" time="14.829" classname="com.cpw.ews.qa.testcases.ZPageTest"/>
  <testcase name="verify_homepage_tile_test" time="19.302" classname="com.cpw.ews.qa.testcases.ZPageTest">
    <failure type="java.lang.AssertionError" message="Home Page title not matched expected [Compare Our Best Mobile Phone Deals | Carphone Warehouse123] but found [Compare Our Best Mobile Phone Deals | Carphone Warehouse]">
      <![CDATA[java.lang.AssertionError: Home Page title not matched expected [Compare Our Best Mobile Phone Deals | Carphone Warehouse123] but found [Compare Our Best Mobile Phone Deals | Carphone Warehouse]
	at org.testng.Assert.fail(Assert.java:93)
	at org.testng.Assert.failNotEquals(Assert.java:512)
	at org.testng.Assert.assertEqualsImpl(Assert.java:134)
	at org.testng.Assert.assertEquals(Assert.java:115)
	at org.testng.Assert.assertEquals(Assert.java:189)
	at com.cpw.ews.qa.testcases.ZPageTest.verify_homepage_tile_test(ZPageTest.java:75)
	at sun.reflect.NativeMethodAccessorImpl.invoke0(Native Method)
	at sun.reflect.NativeMethodAccessorImpl.invoke(Unknown Source)
	at sun.reflect.DelegatingMethodAccessorImpl.invoke(Unknown Source)
	at java.lang.reflect.Method.invoke(Unknown Source)
	at org.testng.internal.MethodInvocationHelper.invokeMethod(MethodInvocationHelper.java:108)
	at org.testng.internal.Invoker.invokeMethod(Invoker.java:661)
	at org.testng.internal.Invoker.invokeTestMethod(Invoker.java:869)
	at org.testng.internal.Invoker.invokeTestMethods(Invoker.java:1193)
	at org.testng.internal.TestMethodWorker.invokeTestMethods(TestMethodWorker.java:126)
	at org.testng.internal.TestMethodWorker.run(TestMethodWorker.java:109)
	at org.testng.TestRunner.privateRun(TestRunner.java:744)
	at org.testng.TestRunner.run(TestRunner.java:602)
	at org.testng.SuiteRunner.runTest(SuiteRunner.java:380)
	at org.testng.SuiteRunner.runSequentially(SuiteRunner.java:375)
	at org.testng.SuiteRunner.privateRun(SuiteRunner.java:340)
	at org.testng.SuiteRunner.run(SuiteRunner.java:289)
	at org.testng.SuiteRunnerWorker.runSuite(SuiteRunnerWorker.java:52)
	at org.testng.SuiteRunnerWorker.run(SuiteRunnerWorker.java:86)
	at org.testng.TestNG.runSuitesSequentially(TestNG.java:1301)
	at org.testng.TestNG.runSuitesLocally(TestNG.java:1226)
	at org.testng.TestNG.runSuites(TestNG.java:1144)
	at org.testng.TestNG.run(TestNG.java:1115)
	at org.testng.remote.AbstractRemoteTestNG.run(AbstractRemoteTestNG.java:114)
	at org.testng.remote.RemoteTestNG.initAndRun(RemoteTestNG.java:251)
	at org.testng.remote.RemoteTestNG.main(RemoteTestNG.java:77)
]]>
    </failure>
  </testcase> <!-- verify_homepage_tile_test -->
  <testcase name="verify_navigation_to_pagG_page" time="17.030" classname="com.cpw.ews.qa.testcases.ZPageTest"/>
</testsuite> <!-- com.cpw.ews.qa.testcases.ZPageTest -->
